This is pdfTeX, Version 3.14159265-2.6-1.40.16 (TeX Live 2015) (preloaded format=pdflatex 2015.5.24)  25 JUL 2016 00:55
entering extended mode
 restricted \write18 enabled.
 %&-line parsing enabled.
**resume.tex
(./resume.tex
LaTeX2e <2015/01/01>
Babel <3.9l> and hyphenation patterns for 79 languages loaded.

! LaTeX Error: File `deedy-resume-openfont.cls' not found.

Type X to quit or <RETURN> to proceed,
or enter new name. (Default extension: cls)

Enter file name: resume.tex
(./resume.tex

! LaTeX Error: Two \documentclass or \documentstyle commands.

See the LaTeX manual or LaTeX Companion for explanation.
Type  H <return>  for immediate help.
 ...                                              
                                                  
l.47 \documentclass[]{
                      deedy-resume-openfont}
? 
! Emergency stop.
 ...                                              
                                                  
l.47 \documentclass[]{
                      deedy-resume-openfont}
The document may only declare one class.

 
Here is how much of TeX's memory you used:
 13 strings out of 493089
 412 string characters out of 6134842
 53199 words of memory out of 5000000
 3593 multiletter control sequences out of 15000+600000
 3640 words of font info for 14 fonts, out of 8000000 for 9000
 1141 hyphenation exceptions out of 8191
 13i,0n,9p,94b,14s stack positions out of 5000i,500n,10000p,200000b,80000s
!  ==> Fatal error occurred, no output PDF file produced!
